This file contains any messages produced by compilers while
running configure, to aid debugging if configure makes a mistake.

It was created by LibFDF configure 0.2.2, which was
generated by GNU Autoconf 2.71.  Invocation command line was

  $ ./configure FC=ifort CC=icc

## --------- ##
## Platform. ##
## --------- ##

hostname = wonderland
uname -m = x86_64
uname -r = 5.10.19-1032.native
uname -s = Linux
uname -v = #1 SMP Wed Mar 3 13:57:49 PST 2021

/usr/bin/uname -p = unknown
/bin/uname -X     = unknown

/bin/arch              = unknown
/usr/bin/arch -k       = unknown
/usr/convex/getsysinfo = unknown
/usr/bin/hostinfo      = unknown
/bin/machine           = unknown
/usr/bin/oslevel       = unknown
/bin/universe          = unknown

PATH: /opt/bin/
PATH: /home/ravindra/.local/bin/
PATH: /opt/bin/
PATH: /home/ravindra/.local/bin/
PATH: /home/ravindra/intel/oneapi/vtune/2021.1.1/bin64/
PATH: /home/ravindra/intel/oneapi/intelpython/latest/bin/
PATH: /home/ravindra/intel/oneapi/intelpython/latest/condabin/
PATH: /home/ravindra/intel/oneapi/debugger/10.0.0/gdb/intel64/bin/
PATH: /home/ravindra/intel/oneapi/inspector/2021.1.1/bin64/
PATH: /home/ravindra/intel/oneapi/compiler/2021.1.1/linux/bin/intel64/
PATH: /home/ravindra/intel/oneapi/compiler/2021.1.1/linux/bin/
PATH: /home/ravindra/intel/oneapi/compiler/2021.1.1/linux/ioc/bin/
PATH: /home/ravindra/intel/oneapi/mpi/2021.1.1/libfabric/bin/
PATH: /home/ravindra/intel/oneapi/mpi/2021.1.1/bin/
PATH: /home/ravindra/intel/oneapi/dpcpp-ct/2021.1.1/bin/
PATH: /home/ravindra/intel/oneapi/vpl/2021.1.1/bin/
PATH: /home/ravindra/intel/oneapi/dev-utilities/2021.1.1/bin/
PATH: /home/ravindra/intel/oneapi/mkl/latest/bin/intel64/
PATH: /home/ravindra/intel/oneapi/advisor/2021.1.1/bin64/
PATH: /home/ravindra/intel/oneapi/clck/2021.1.1/bin/intel64/
PATH: /home/ravindra/intel/oneapi/itac/2021.1.1/bin/
PATH: /home/ravindra/intel/oneapi/itac/2021.1.1/bin/
PATH: /usr/bin/haswell/
PATH: /usr/local/bin/
PATH: /usr/local/sbin/
PATH: /usr/bin/
PATH: /opt/3rd-party/bin/


## ----------- ##
## Core tests. ##
## ----------- ##

configure:2519: looking for aux files: ltmain.sh compile missing install-sh config.guess config.sub
configure:2532:  trying ./config/gnu/
configure:2561:   ./config/gnu/ltmain.sh found
configure:2561:   ./config/gnu/compile found
configure:2561:   ./config/gnu/missing found
configure:2543:   ./config/gnu/install-sh found
configure:2561:   ./config/gnu/config.guess found
configure:2561:   ./config/gnu/config.sub found
configure:2684: checking build system type
configure:2699: result: x86_64-pc-linux-gnu
configure:2719: checking host system type
configure:2733: result: x86_64-pc-linux-gnu
configure:2753: checking target system type
configure:2767: result: x86_64-pc-linux-gnu
configure:2810: checking for a BSD-compatible install
configure:2883: result: /usr/bin/install -c
configure:2894: checking whether build environment is sane
configure:2949: result: yes
configure:3108: checking for a race-free mkdir -p
configure:3152: result: /usr/bin/mkdir -p
configure:3159: checking for gawk
configure:3180: found /usr/bin/gawk
configure:3191: result: gawk
configure:3202: checking whether make sets $(MAKE)
configure:3225: result: yes
configure:3255: checking whether make supports nested variables
configure:3273: result: yes
configure:3413: checking for gawk
configure:3445: result: gawk
configure:3456: checking for grep that handles long lines and -e
configure:3520: result: /usr/bin/grep
configure:3526: checking whether ln -s works
configure:3530: result: yes
configure:3537: checking whether make sets $(MAKE)
configure:3560: result: yes
configure:3569: checking for a sed that does not truncate output
configure:3639: result: /usr/bin/sed
configure:3786: checking for icc
configure:3809: found /home/ravindra/intel/oneapi/compiler/2021.1.1/linux/bin/intel64/icc
configure:3821: result: /home/ravindra/intel/oneapi/compiler/2021.1.1/linux/bin/intel64/icc
configure:3896: checking for gcc
configure:3928: result: icc
configure:4281: checking for C compiler version
configure:4290: icc --version >&5
icc (ICC) 2021.1 Beta 20201112
Copyright (C) 1985-2020 Intel Corporation.  All rights reserved.

configure:4301: $? = 0
configure:4290: icc -v >&5
icc version 2021.1 (gcc version 10.2.1 compatibility)
configure:4301: $? = 0
configure:4290: icc -V >&5
Intel(R) C Intel(R) 64 Compiler Classic for applications running on Intel(R) 64, Version 2021.1 Build 20201112_000000
Copyright (C) 1985-2020 Intel Corporation.  All rights reserved.

configure:4301: $? = 0
configure:4290: icc -qversion >&5
icc: command line warning #10006: ignoring unknown option '-qversion'
icc: command line error: no files specified; for help type "icc -help"
configure:4301: $? = 1
configure:4290: icc -version >&5
icc: command line warning #10006: ignoring unknown option '-version'
icc: command line error: no files specified; for help type "icc -help"
configure:4301: $? = 1
configure:4321: checking whether the C compiler works
configure:4343: icc -g -O3 -feliminate-unused-debug-types -pipe -Wall -Wp,-D_FORTIFY_SOURCE=2 -fexceptions -fstack-protector --param=ssp-buffer-size=32 -Wformat -Wformat-security -m64 -fasynchronous-unwind-tables -Wp,-D_REENTRANT -ftree-loop-distribute-patterns -Wl,-z -Wl,now -Wl,-z -Wl,relro -fno-semantic-interposition -ffat-lto-objects -fno-trapping-math -Wl,-sort-common -Wl,--enable-new-dtags -mtune=skylake -Wa,-mbranches-within-32B-boundaries   conftest.c  >&5
icc: command line warning #10006: ignoring unknown option '-ftree-loop-distribute-patterns'
icc: command line warning #10006: ignoring unknown option '-fno-semantic-interposition'
icc: command line warning #10385: option '-ffat-lto-objects' requires use of '-ipo -c'. Option ignored.
configure:4347: $? = 0
configure:4397: result: yes
configure:4400: checking for C compiler default output file name
configure:4402: result: a.out
configure:4408: checking for suffix of executables
configure:4415: icc -o conftest -g -O3 -feliminate-unused-debug-types -pipe -Wall -Wp,-D_FORTIFY_SOURCE=2 -fexceptions -fstack-protector --param=ssp-buffer-size=32 -Wformat -Wformat-security -m64 -fasynchronous-unwind-tables -Wp,-D_REENTRANT -ftree-loop-distribute-patterns -Wl,-z -Wl,now -Wl,-z -Wl,relro -fno-semantic-interposition -ffat-lto-objects -fno-trapping-math -Wl,-sort-common -Wl,--enable-new-dtags -mtune=skylake -Wa,-mbranches-within-32B-boundaries   conftest.c  >&5
icc: command line warning #10006: ignoring unknown option '-ftree-loop-distribute-patterns'
icc: command line warning #10006: ignoring unknown option '-fno-semantic-interposition'
icc: command line warning #10385: option '-ffat-lto-objects' requires use of '-ipo -c'. Option ignored.
configure:4419: $? = 0
configure:4442: result: 
configure:4464: checking whether we are cross compiling
configure:4472: icc -o conftest -g -O3 -feliminate-unused-debug-types -pipe -Wall -Wp,-D_FORTIFY_SOURCE=2 -fexceptions -fstack-protector --param=ssp-buffer-size=32 -Wformat -Wformat-security -m64 -fasynchronous-unwind-tables -Wp,-D_REENTRANT -ftree-loop-distribute-patterns -Wl,-z -Wl,now -Wl,-z -Wl,relro -fno-semantic-interposition -ffat-lto-objects -fno-trapping-math -Wl,-sort-common -Wl,--enable-new-dtags -mtune=skylake -Wa,-mbranches-within-32B-boundaries   conftest.c  >&5
icc: command line warning #10006: ignoring unknown option '-ftree-loop-distribute-patterns'
icc: command line warning #10006: ignoring unknown option '-fno-semantic-interposition'
icc: command line warning #10385: option '-ffat-lto-objects' requires use of '-ipo -c'. Option ignored.
configure:4476: $? = 0
configure:4483: ./conftest
configure:4487: $? = 0
configure:4502: result: no
configure:4507: checking for suffix of object files
configure:4530: icc -c -g -O3 -feliminate-unused-debug-types -pipe -Wall -Wp,-D_FORTIFY_SOURCE=2 -fexceptions -fstack-protector --param=ssp-buffer-size=32 -Wformat -Wformat-security -m64 -fasynchronous-unwind-tables -Wp,-D_REENTRANT -ftree-loop-distribute-patterns -Wl,-z -Wl,now -Wl,-z -Wl,relro -fno-semantic-interposition -ffat-lto-objects -fno-trapping-math -Wl,-sort-common -Wl,--enable-new-dtags -mtune=skylake -Wa,-mbranches-within-32B-boundaries  conftest.c >&5
icc: command line warning #10006: ignoring unknown option '-ftree-loop-distribute-patterns'
icc: command line warning #10006: ignoring unknown option '-fno-semantic-interposition'
icc: command line warning #10385: option '-ffat-lto-objects' requires use of '-ipo -c'. Option ignored.
configure:4534: $? = 0
configure:4556: result: o
configure:4560: checking whether the compiler supports GNU C
configure:4580: icc -c -g -O3 -feliminate-unused-debug-types -pipe -Wall -Wp,-D_FORTIFY_SOURCE=2 -fexceptions -fstack-protector --param=ssp-buffer-size=32 -Wformat -Wformat-security -m64 -fasynchronous-unwind-tables -Wp,-D_REENTRANT -ftree-loop-distribute-patterns -Wl,-z -Wl,now -Wl,-z -Wl,relro -fno-semantic-interposition -ffat-lto-objects -fno-trapping-math -Wl,-sort-common -Wl,--enable-new-dtags -mtune=skylake -Wa,-mbranches-within-32B-boundaries  conftest.c >&5
icc: command line warning #10006: ignoring unknown option '-ftree-loop-distribute-patterns'
icc: command line warning #10006: ignoring unknown option '-fno-semantic-interposition'
icc: command line warning #10385: option '-ffat-lto-objects' requires use of '-ipo -c'. Option ignored.
configure:4580: $? = 0
configure:4590: result: yes
configure:4601: checking whether icc accepts -g
configure:4622: icc -c -g  conftest.c >&5
configure:4622: $? = 0
configure:4666: result: yes
configure:4686: checking for icc option to enable C11 features
configure:4701: icc  -c -g -O3 -feliminate-unused-debug-types -pipe -Wall -Wp,-D_FORTIFY_SOURCE=2 -fexceptions -fstack-protector --param=ssp-buffer-size=32 -Wformat -Wformat-security -m64 -fasynchronous-unwind-tables -Wp,-D_REENTRANT -ftree-loop-distribute-patterns -Wl,-z -Wl,now -Wl,-z -Wl,relro -fno-semantic-interposition -ffat-lto-objects -fno-trapping-math -Wl,-sort-common -Wl,--enable-new-dtags -mtune=skylake -Wa,-mbranches-within-32B-boundaries  conftest.c >&5
icc: command line warning #10006: ignoring unknown option '-ftree-loop-distribute-patterns'
icc: command line warning #10006: ignoring unknown option '-fno-semantic-interposition'
icc: command line warning #10385: option '-ffat-lto-objects' requires use of '-ipo -c'. Option ignored.
configure:4701: $? = 0
configure:4719: result: none needed
configure:4835: checking whether icc understands -c and -o together
configure:4858: icc -c conftest.c -o conftest2.o
configure:4861: $? = 0
configure:4858: icc -c conftest.c -o conftest2.o
configure:4861: $? = 0
configure:4873: result: yes
configure:4893: checking whether make supports the include directive
configure:4908: make -f confmf.GNU && cat confinc.out
this is the am__doit target
configure:4911: $? = 0
configure:4930: result: yes (GNU style)
configure:4956: checking dependency style of icc
configure:5068: result: none
configure:5088: checking how to run the C preprocessor
configure:5114: icc -E  conftest.c
configure:5114: $? = 0
configure:5129: icc -E  conftest.c
conftest.c(11): error #2379: cannot open source file "ac_nonexistent.h"
  #include <ac_nonexistent.h>
                             ^

configure:5129: $? = 2
configure: failed program was:
| /* confdefs.h */
| #define PACKAGE_NAME "LibFDF"
| #define PACKAGE_TARNAME "libfdf"
| #define PACKAGE_VERSION "0.2.2"
| #define PACKAGE_STRING "LibFDF 0.2.2"
| #define PACKAGE_BUGREPORT "https://bugs.launchpad.net/libfdf"
| #define PACKAGE_URL "https://launchpad.net/libfdf"
| #define PACKAGE "libfdf"
| #define VERSION "0.2.2"
| /* end confdefs.h.  */
| #include <ac_nonexistent.h>
configure:5156: result: icc -E
configure:5170: icc -E  conftest.c
configure:5170: $? = 0
configure:5185: icc -E  conftest.c
conftest.c(11): error #2379: cannot open source file "ac_nonexistent.h"
  #include <ac_nonexistent.h>
                             ^

configure:5185: $? = 2
configure: failed program was:
| /* confdefs.h */
| #define PACKAGE_NAME "LibFDF"
| #define PACKAGE_TARNAME "libfdf"
| #define PACKAGE_VERSION "0.2.2"
| #define PACKAGE_STRING "LibFDF 0.2.2"
| #define PACKAGE_BUGREPORT "https://bugs.launchpad.net/libfdf"
| #define PACKAGE_URL "https://launchpad.net/libfdf"
| #define PACKAGE "libfdf"
| #define VERSION "0.2.2"
| /* end confdefs.h.  */
| #include <ac_nonexistent.h>
configure:5228: checking for ifort
configure:5251: found /home/ravindra/intel/oneapi/compiler/2021.1.1/linux/bin/intel64/ifort
configure:5263: result: /home/ravindra/intel/oneapi/compiler/2021.1.1/linux/bin/intel64/ifort
configure:5392: checking for Fortran compiler version
configure:5401: ifort --version >&5
ifort (IFORT) 2021.1 Beta 20201112
Copyright (C) 1985-2020 Intel Corporation.  All rights reserved.

configure:5412: $? = 0
configure:5401: ifort -v >&5
ifort version 2021.1
configure:5412: $? = 0
configure:5401: ifort -V >&5
Intel(R) Fortran Intel(R) 64 Compiler Classic for applications running on Intel(R) 64, Version 2021.1 Build 20201112_000000
Copyright (C) 1985-2020 Intel Corporation.  All rights reserved.

configure:5412: $? = 0
configure:5401: ifort -qversion >&5
ifort: command line warning #10006: ignoring unknown option '-qversion'
ifort: command line error: no files specified; for help type "ifort -help"
configure:5412: $? = 1
configure:5421: checking whether the compiler supports GNU Fortran
configure:5435: ifort -c -g -O3 -feliminate-unused-debug-types -pipe -Wall -Wp,-D_FORTIFY_SOURCE=2 -fexceptions -fstack-protector --param=ssp-buffer-size=32 -m64 -fasynchronous-unwind-tables -Wp,-D_REENTRANT -ftree-loop-distribute-patterns -Wl,-z -Wl,now -Wl,-z -Wl,relro -malign-data=abi -fno-semantic-interposition -ftree-vectorize -ftree-loop-vectorize -Wl,-sort-common -Wl,--enable-new-dtags   conftest.F >&5
ifort: command line warning #10006: ignoring unknown option '-pipe'
ifort: command line warning #10157: ignoring option '-W'; argument is of wrong type
ifort: command line warning #10006: ignoring unknown option '-fparam=ssp-buffer-size=32'
ifort: command line warning #10006: ignoring unknown option '-ftree-loop-distribute-patterns'
ifort: command line warning #10006: ignoring unknown option '-malign-data=abi'
ifort: command line warning #10006: ignoring unknown option '-fno-semantic-interposition'
ifort: command line warning #10006: ignoring unknown option '-ftree-loop-vectorize'
ifort: warning #10193: -vec is default; use -x and -ax to configure vectorization
conftest.F(3): error #5082: Syntax error, found END-OF-STATEMENT when expecting one of: ( : % [ . = =>
       choke me
---------------^
conftest.F(3): error #6218: This statement is positioned incorrectly and/or has syntax errors.
       choke me
-------^
compilation aborted for conftest.F (code 1)
configure:5435: $? = 1
configure: failed program was:
|       program main
| #ifndef __GNUC__
|        choke me
| #endif
| 
|       end
configure:5445: result: no
configure:5453: checking whether ifort accepts -g
configure:5465: ifort -c -g  conftest.f >&5
configure:5465: $? = 0
configure:5474: result: yes
configure:5511: checking for Fortran flag to compile .F90 files
configure:5532: ifort -c -g -O3 -feliminate-unused-debug-types -pipe -Wall -Wp,-D_FORTIFY_SOURCE=2 -fexceptions -fstack-protector --param=ssp-buffer-size=32 -m64 -fasynchronous-unwind-tables -Wp,-D_REENTRANT -ftree-loop-distribute-patterns -Wl,-z -Wl,now -Wl,-z -Wl,relro -malign-data=abi -fno-semantic-interposition -ftree-vectorize -ftree-loop-vectorize -Wl,-sort-common -Wl,--enable-new-dtags   conftest.F90 >&5
ifort: command line warning #10006: ignoring unknown option '-pipe'
ifort: command line warning #10157: ignoring option '-W'; argument is of wrong type
ifort: command line warning #10006: ignoring unknown option '-fparam=ssp-buffer-size=32'
ifort: command line warning #10006: ignoring unknown option '-ftree-loop-distribute-patterns'
ifort: command line warning #10006: ignoring unknown option '-malign-data=abi'
ifort: command line warning #10006: ignoring unknown option '-fno-semantic-interposition'
ifort: command line warning #10006: ignoring unknown option '-ftree-loop-vectorize'
ifort: warning #10193: -vec is default; use -x and -ax to configure vectorization
configure:5532: $? = 0
configure:5542: result: none
configure:5573: checking for the ISO_C_BINDING Fortran module
configure:5585: ifort -c -g -O3 -feliminate-unused-debug-types -pipe -Wall -Wp,-D_FORTIFY_SOURCE=2 -fexceptions -fstack-protector --param=ssp-buffer-size=32 -m64 -fasynchronous-unwind-tables -Wp,-D_REENTRANT -ftree-loop-distribute-patterns -Wl,-z -Wl,now -Wl,-z -Wl,relro -malign-data=abi -fno-semantic-interposition -ftree-vectorize -ftree-loop-vectorize -Wl,-sort-common -Wl,--enable-new-dtags   conftest.F90 >&5
ifort: command line warning #10006: ignoring unknown option '-pipe'
ifort: command line warning #10157: ignoring option '-W'; argument is of wrong type
ifort: command line warning #10006: ignoring unknown option '-fparam=ssp-buffer-size=32'
ifort: command line warning #10006: ignoring unknown option '-ftree-loop-distribute-patterns'
ifort: command line warning #10006: ignoring unknown option '-malign-data=abi'
ifort: command line warning #10006: ignoring unknown option '-fno-semantic-interposition'
ifort: command line warning #10006: ignoring unknown option '-ftree-loop-vectorize'
ifort: warning #10193: -vec is default; use -x and -ax to configure vectorization
configure:5585: $? = 0
configure:5598: result: yes
configure:5611: checking fortran 90 modules extension
configure:5639: ifort -c -g -O3 -feliminate-unused-debug-types -pipe -Wall -Wp,-D_FORTIFY_SOURCE=2 -fexceptions -fstack-protector --param=ssp-buffer-size=32 -m64 -fasynchronous-unwind-tables -Wp,-D_REENTRANT -ftree-loop-distribute-patterns -Wl,-z -Wl,now -Wl,-z -Wl,relro -malign-data=abi -fno-semantic-interposition -ftree-vectorize -ftree-loop-vectorize -Wl,-sort-common -Wl,--enable-new-dtags   conftest.F90 >&5
ifort: command line warning #10006: ignoring unknown option '-pipe'
ifort: command line warning #10157: ignoring option '-W'; argument is of wrong type
ifort: command line warning #10006: ignoring unknown option '-fparam=ssp-buffer-size=32'
ifort: command line warning #10006: ignoring unknown option '-ftree-loop-distribute-patterns'
ifort: command line warning #10006: ignoring unknown option '-malign-data=abi'
ifort: command line warning #10006: ignoring unknown option '-fno-semantic-interposition'
ifort: command line warning #10006: ignoring unknown option '-ftree-loop-vectorize'
ifort: warning #10193: -vec is default; use -x and -ax to configure vectorization
configure:5639: $? = 0
configure:5663: result: mod
configure:5668: checking fortran 90 modules case
configure:5696: ifort -c -g -O3 -feliminate-unused-debug-types -pipe -Wall -Wp,-D_FORTIFY_SOURCE=2 -fexceptions -fstack-protector --param=ssp-buffer-size=32 -m64 -fasynchronous-unwind-tables -Wp,-D_REENTRANT -ftree-loop-distribute-patterns -Wl,-z -Wl,now -Wl,-z -Wl,relro -malign-data=abi -fno-semantic-interposition -ftree-vectorize -ftree-loop-vectorize -Wl,-sort-common -Wl,--enable-new-dtags   conftest.F90 >&5
ifort: command line warning #10006: ignoring unknown option '-pipe'
ifort: command line warning #10157: ignoring option '-W'; argument is of wrong type
ifort: command line warning #10006: ignoring unknown option '-fparam=ssp-buffer-size=32'
ifort: command line warning #10006: ignoring unknown option '-ftree-loop-distribute-patterns'
ifort: command line warning #10006: ignoring unknown option '-malign-data=abi'
ifort: command line warning #10006: ignoring unknown option '-fno-semantic-interposition'
ifort: command line warning #10006: ignoring unknown option '-ftree-loop-vectorize'
ifort: warning #10193: -vec is default; use -x and -ax to configure vectorization
configure:5696: $? = 0
configure:5730: result: unknown
configure:5800: checking how to print strings
configure:5827: result: printf
configure:5848: checking for a sed that does not truncate output
configure:5918: result: /usr/bin/sed
configure:5936: checking for egrep
configure:6004: result: /usr/bin/grep -E
configure:6009: checking for fgrep
configure:6077: result: /usr/bin/grep -F
configure:6113: checking for ld used by icc
configure:6181: result: /usr/bin/ld
configure:6188: checking if the linker (/usr/bin/ld) is GNU ld
configure:6204: result: yes
configure:6216: checking for BSD- or MS-compatible name lister (nm)
configure:6271: result: gcc-nm
configure:6411: checking the name lister (gcc-nm) interface
configure:6419: icc -c -g -O3 -feliminate-unused-debug-types -pipe -Wall -Wp,-D_FORTIFY_SOURCE=2 -fexceptions -fstack-protector --param=ssp-buffer-size=32 -Wformat -Wformat-security -m64 -fasynchronous-unwind-tables -Wp,-D_REENTRANT -ftree-loop-distribute-patterns -Wl,-z -Wl,now -Wl,-z -Wl,relro -fno-semantic-interposition -ffat-lto-objects -fno-trapping-math -Wl,-sort-common -Wl,--enable-new-dtags -mtune=skylake -Wa,-mbranches-within-32B-boundaries  conftest.c >&5
icc: command line warning #10006: ignoring unknown option '-ftree-loop-distribute-patterns'
icc: command line warning #10006: ignoring unknown option '-fno-semantic-interposition'
icc: command line warning #10385: option '-ffat-lto-objects' requires use of '-ipo -c'. Option ignored.
configure:6422: gcc-nm "conftest.o"
configure:6425: output
0000000000000000 N .debug_abbrev_seg
0000000000000000 N .debug_info_seg
0000000000000000 N .debug_line_seg
0000000000000000 N .debug_str_seg
0000000000000000 B some_variable
configure:6432: result: BSD nm
configure:6436: checking the maximum length of command line arguments
configure:6568: result: 1572864
configure:6616: checking how to convert x86_64-pc-linux-gnu file names to x86_64-pc-linux-gnu format
configure:6657: result: func_convert_file_noop
configure:6664: checking how to convert x86_64-pc-linux-gnu file names to toolchain format
configure:6685: result: func_convert_file_noop
configure:6692: checking for /usr/bin/ld option to reload object files
configure:6700: result: -r
configure:6779: checking for objdump
configure:6800: found /usr/bin/objdump
configure:6811: result: objdump
configure:6843: checking how to recognize dependent libraries
configure:7044: result: pass_all
configure:7134: checking for dlltool
configure:7169: result: no
configure:7199: checking how to associate runtime and link libraries
configure:7227: result: printf %s\n
configure:7362: checking for archiver @FILE support
configure:7380: icc -c -g -O3 -feliminate-unused-debug-types -pipe -Wall -Wp,-D_FORTIFY_SOURCE=2 -fexceptions -fstack-protector --param=ssp-buffer-size=32 -Wformat -Wformat-security -m64 -fasynchronous-unwind-tables -Wp,-D_REENTRANT -ftree-loop-distribute-patterns -Wl,-z -Wl,now -Wl,-z -Wl,relro -fno-semantic-interposition -ffat-lto-objects -fno-trapping-math -Wl,-sort-common -Wl,--enable-new-dtags -mtune=skylake -Wa,-mbranches-within-32B-boundaries  conftest.c >&5
icc: command line warning #10006: ignoring unknown option '-ftree-loop-distribute-patterns'
icc: command line warning #10006: ignoring unknown option '-fno-semantic-interposition'
icc: command line warning #10385: option '-ffat-lto-objects' requires use of '-ipo -c'. Option ignored.
configure:7380: $? = 0
configure:7384: gcc-ar cru libconftest.a @conftest.lst >&5
/usr/bin/ar: `u' modifier ignored since `D' is the default (see `U')
configure:7387: $? = 0
configure:7392: gcc-ar cru libconftest.a @conftest.lst >&5
/usr/bin/ar: `u' modifier ignored since `D' is the default (see `U')
/usr/bin/ar: conftest.o: No such file or directory
configure:7395: $? = 1
configure:7407: result: @
configure:7470: checking for strip
configure:7491: found /usr/bin/strip
configure:7502: result: strip
configure:7579: checking for ranlib
configure:7611: result: gcc-ranlib
configure:7713: checking command to parse gcc-nm output from icc object
configure:7867: icc -c -g -O3 -feliminate-unused-debug-types -pipe -Wall -Wp,-D_FORTIFY_SOURCE=2 -fexceptions -fstack-protector --param=ssp-buffer-size=32 -Wformat -Wformat-security -m64 -fasynchronous-unwind-tables -Wp,-D_REENTRANT -ftree-loop-distribute-patterns -Wl,-z -Wl,now -Wl,-z -Wl,relro -fno-semantic-interposition -ffat-lto-objects -fno-trapping-math -Wl,-sort-common -Wl,--enable-new-dtags -mtune=skylake -Wa,-mbranches-within-32B-boundaries  conftest.c >&5
icc: command line warning #10006: ignoring unknown option '-ftree-loop-distribute-patterns'
icc: command line warning #10006: ignoring unknown option '-fno-semantic-interposition'
icc: command line warning #10385: option '-ffat-lto-objects' requires use of '-ipo -c'. Option ignored.
configure:7870: $? = 0
configure:7874: gcc-nm conftest.o \| sed -n -e 's/^.*[ ]\([ABCDGIRSTW][ABCDGIRSTW]*\)[ ][ ]*\([_A-Za-z][_A-Za-z0-9]*\)$/\1 \2 \2/p' | sed '/ __gnu_lto/d' \> conftest.nm
configure:7877: $? = 0
configure:7943: icc -o conftest -g -O3 -feliminate-unused-debug-types -pipe -Wall -Wp,-D_FORTIFY_SOURCE=2 -fexceptions -fstack-protector --param=ssp-buffer-size=32 -Wformat -Wformat-security -m64 -fasynchronous-unwind-tables -Wp,-D_REENTRANT -ftree-loop-distribute-patterns -Wl,-z -Wl,now -Wl,-z -Wl,relro -fno-semantic-interposition -ffat-lto-objects -fno-trapping-math -Wl,-sort-common -Wl,--enable-new-dtags -mtune=skylake -Wa,-mbranches-within-32B-boundaries   conftest.c conftstm.o >&5
icc: command line warning #10006: ignoring unknown option '-ftree-loop-distribute-patterns'
icc: command line warning #10006: ignoring unknown option '-fno-semantic-interposition'
icc: command line warning #10385: option '-ffat-lto-objects' requires use of '-ipo -c'. Option ignored.
configure:7946: $? = 0
configure:7984: result: ok
configure:8031: checking for sysroot
configure:8062: result: no
configure:8069: checking for a working dd
configure:8113: result: /usr/bin/dd
configure:8117: checking how to truncate binary pipes
configure:8133: result: /usr/bin/dd bs=4096 count=1
configure:8270: icc -c -g -O3 -feliminate-unused-debug-types -pipe -Wall -Wp,-D_FORTIFY_SOURCE=2 -fexceptions -fstack-protector --param=ssp-buffer-size=32 -Wformat -Wformat-security -m64 -fasynchronous-unwind-tables -Wp,-D_REENTRANT -ftree-loop-distribute-patterns -Wl,-z -Wl,now -Wl,-z -Wl,relro -fno-semantic-interposition -ffat-lto-objects -fno-trapping-math -Wl,-sort-common -Wl,--enable-new-dtags -mtune=skylake -Wa,-mbranches-within-32B-boundaries  conftest.c >&5
icc: command line warning #10006: ignoring unknown option '-ftree-loop-distribute-patterns'
icc: command line warning #10006: ignoring unknown option '-fno-semantic-interposition'
icc: command line warning #10385: option '-ffat-lto-objects' requires use of '-ipo -c'. Option ignored.
configure:8273: $? = 0
configure:8470: checking for mt
configure:8505: result: no
configure:8525: checking if : is a manifest tool
configure:8532: : '-?'
configure:8540: result: no
configure:9270: checking for stdio.h
configure:9270: icc -c -g -O3 -feliminate-unused-debug-types -pipe -Wall -Wp,-D_FORTIFY_SOURCE=2 -fexceptions -fstack-protector --param=ssp-buffer-size=32 -Wformat -Wformat-security -m64 -fasynchronous-unwind-tables -Wp,-D_REENTRANT -ftree-loop-distribute-patterns -Wl,-z -Wl,now -Wl,-z -Wl,relro -fno-semantic-interposition -ffat-lto-objects -fno-trapping-math -Wl,-sort-common -Wl,--enable-new-dtags -mtune=skylake -Wa,-mbranches-within-32B-boundaries  conftest.c >&5
icc: command line warning #10006: ignoring unknown option '-ftree-loop-distribute-patterns'
icc: command line warning #10006: ignoring unknown option '-fno-semantic-interposition'
icc: command line warning #10385: option '-ffat-lto-objects' requires use of '-ipo -c'. Option ignored.
configure:9270: $? = 0
configure:9270: result: yes
configure:9270: checking for stdlib.h
configure:9270: icc -c -g -O3 -feliminate-unused-debug-types -pipe -Wall -Wp,-D_FORTIFY_SOURCE=2 -fexceptions -fstack-protector --param=ssp-buffer-size=32 -Wformat -Wformat-security -m64 -fasynchronous-unwind-tables -Wp,-D_REENTRANT -ftree-loop-distribute-patterns -Wl,-z -Wl,now -Wl,-z -Wl,relro -fno-semantic-interposition -ffat-lto-objects -fno-trapping-math -Wl,-sort-common -Wl,--enable-new-dtags -mtune=skylake -Wa,-mbranches-within-32B-boundaries  conftest.c >&5
icc: command line warning #10006: ignoring unknown option '-ftree-loop-distribute-patterns'
icc: command line warning #10006: ignoring unknown option '-fno-semantic-interposition'
icc: command line warning #10385: option '-ffat-lto-objects' requires use of '-ipo -c'. Option ignored.
configure:9270: $? = 0
configure:9270: result: yes
configure:9270: checking for string.h
configure:9270: icc -c -g -O3 -feliminate-unused-debug-types -pipe -Wall -Wp,-D_FORTIFY_SOURCE=2 -fexceptions -fstack-protector --param=ssp-buffer-size=32 -Wformat -Wformat-security -m64 -fasynchronous-unwind-tables -Wp,-D_REENTRANT -ftree-loop-distribute-patterns -Wl,-z -Wl,now -Wl,-z -Wl,relro -fno-semantic-interposition -ffat-lto-objects -fno-trapping-math -Wl,-sort-common -Wl,--enable-new-dtags -mtune=skylake -Wa,-mbranches-within-32B-boundaries  conftest.c >&5
icc: command line warning #10006: ignoring unknown option '-ftree-loop-distribute-patterns'
icc: command line warning #10006: ignoring unknown option '-fno-semantic-interposition'
icc: command line warning #10385: option '-ffat-lto-objects' requires use of '-ipo -c'. Option ignored.
configure:9270: $? = 0
configure:9270: result: yes
configure:9270: checking for inttypes.h
configure:9270: icc -c -g -O3 -feliminate-unused-debug-types -pipe -Wall -Wp,-D_FORTIFY_SOURCE=2 -fexceptions -fstack-protector --param=ssp-buffer-size=32 -Wformat -Wformat-security -m64 -fasynchronous-unwind-tables -Wp,-D_REENTRANT -ftree-loop-distribute-patterns -Wl,-z -Wl,now -Wl,-z -Wl,relro -fno-semantic-interposition -ffat-lto-objects -fno-trapping-math -Wl,-sort-common -Wl,--enable-new-dtags -mtune=skylake -Wa,-mbranches-within-32B-boundaries  conftest.c >&5
icc: command line warning #10006: ignoring unknown option '-ftree-loop-distribute-patterns'
icc: command line warning #10006: ignoring unknown option '-fno-semantic-interposition'
icc: command line warning #10385: option '-ffat-lto-objects' requires use of '-ipo -c'. Option ignored.
configure:9270: $? = 0
configure:9270: result: yes
configure:9270: checking for stdint.h
configure:9270: icc -c -g -O3 -feliminate-unused-debug-types -pipe -Wall -Wp,-D_FORTIFY_SOURCE=2 -fexceptions -fstack-protector --param=ssp-buffer-size=32 -Wformat -Wformat-security -m64 -fasynchronous-unwind-tables -Wp,-D_REENTRANT -ftree-loop-distribute-patterns -Wl,-z -Wl,now -Wl,-z -Wl,relro -fno-semantic-interposition -ffat-lto-objects -fno-trapping-math -Wl,-sort-common -Wl,--enable-new-dtags -mtune=skylake -Wa,-mbranches-within-32B-boundaries  conftest.c >&5
icc: command line warning #10006: ignoring unknown option '-ftree-loop-distribute-patterns'
icc: command line warning #10006: ignoring unknown option '-fno-semantic-interposition'
icc: command line warning #10385: option '-ffat-lto-objects' requires use of '-ipo -c'. Option ignored.
configure:9270: $? = 0
configure:9270: result: yes
configure:9270: checking for strings.h
configure:9270: icc -c -g -O3 -feliminate-unused-debug-types -pipe -Wall -Wp,-D_FORTIFY_SOURCE=2 -fexceptions -fstack-protector --param=ssp-buffer-size=32 -Wformat -Wformat-security -m64 -fasynchronous-unwind-tables -Wp,-D_REENTRANT -ftree-loop-distribute-patterns -Wl,-z -Wl,now -Wl,-z -Wl,relro -fno-semantic-interposition -ffat-lto-objects -fno-trapping-math -Wl,-sort-common -Wl,--enable-new-dtags -mtune=skylake -Wa,-mbranches-within-32B-boundaries  conftest.c >&5
icc: command line warning #10006: ignoring unknown option '-ftree-loop-distribute-patterns'
icc: command line warning #10006: ignoring unknown option '-fno-semantic-interposition'
icc: command line warning #10385: option '-ffat-lto-objects' requires use of '-ipo -c'. Option ignored.
configure:9270: $? = 0
configure:9270: result: yes
configure:9270: checking for sys/stat.h
configure:9270: icc -c -g -O3 -feliminate-unused-debug-types -pipe -Wall -Wp,-D_FORTIFY_SOURCE=2 -fexceptions -fstack-protector --param=ssp-buffer-size=32 -Wformat -Wformat-security -m64 -fasynchronous-unwind-tables -Wp,-D_REENTRANT -ftree-loop-distribute-patterns -Wl,-z -Wl,now -Wl,-z -Wl,relro -fno-semantic-interposition -ffat-lto-objects -fno-trapping-math -Wl,-sort-common -Wl,--enable-new-dtags -mtune=skylake -Wa,-mbranches-within-32B-boundaries  conftest.c >&5
icc: command line warning #10006: ignoring unknown option '-ftree-loop-distribute-patterns'
icc: command line warning #10006: ignoring unknown option '-fno-semantic-interposition'
icc: command line warning #10385: option '-ffat-lto-objects' requires use of '-ipo -c'. Option ignored.
configure:9270: $? = 0
configure:9270: result: yes
configure:9270: checking for sys/types.h
configure:9270: icc -c -g -O3 -feliminate-unused-debug-types -pipe -Wall -Wp,-D_FORTIFY_SOURCE=2 -fexceptions -fstack-protector --param=ssp-buffer-size=32 -Wformat -Wformat-security -m64 -fasynchronous-unwind-tables -Wp,-D_REENTRANT -ftree-loop-distribute-patterns -Wl,-z -Wl,now -Wl,-z -Wl,relro -fno-semantic-interposition -ffat-lto-objects -fno-trapping-math -Wl,-sort-common -Wl,--enable-new-dtags -mtune=skylake -Wa,-mbranches-within-32B-boundaries  conftest.c >&5
icc: command line warning #10006: ignoring unknown option '-ftree-loop-distribute-patterns'
icc: command line warning #10006: ignoring unknown option '-fno-semantic-interposition'
icc: command line warning #10385: option '-ffat-lto-objects' requires use of '-ipo -c'. Option ignored.
configure:9270: $? = 0
configure:9270: result: yes
configure:9270: checking for unistd.h
configure:9270: icc -c -g -O3 -feliminate-unused-debug-types -pipe -Wall -Wp,-D_FORTIFY_SOURCE=2 -fexceptions -fstack-protector --param=ssp-buffer-size=32 -Wformat -Wformat-security -m64 -fasynchronous-unwind-tables -Wp,-D_REENTRANT -ftree-loop-distribute-patterns -Wl,-z -Wl,now -Wl,-z -Wl,relro -fno-semantic-interposition -ffat-lto-objects -fno-trapping-math -Wl,-sort-common -Wl,--enable-new-dtags -mtune=skylake -Wa,-mbranches-within-32B-boundaries  conftest.c >&5
icc: command line warning #10006: ignoring unknown option '-ftree-loop-distribute-patterns'
icc: command line warning #10006: ignoring unknown option '-fno-semantic-interposition'
icc: command line warning #10385: option '-ffat-lto-objects' requires use of '-ipo -c'. Option ignored.
configure:9270: $? = 0
configure:9270: result: yes
configure:9295: checking for dlfcn.h
configure:9295: icc -c -g -O3 -feliminate-unused-debug-types -pipe -Wall -Wp,-D_FORTIFY_SOURCE=2 -fexceptions -fstack-protector --param=ssp-buffer-size=32 -Wformat -Wformat-security -m64 -fasynchronous-unwind-tables -Wp,-D_REENTRANT -ftree-loop-distribute-patterns -Wl,-z -Wl,now -Wl,-z -Wl,relro -fno-semantic-interposition -ffat-lto-objects -fno-trapping-math -Wl,-sort-common -Wl,--enable-new-dtags -mtune=skylake -Wa,-mbranches-within-32B-boundaries  conftest.c >&5
icc: command line warning #10006: ignoring unknown option '-ftree-loop-distribute-patterns'
icc: command line warning #10006: ignoring unknown option '-fno-semantic-interposition'
icc: command line warning #10385: option '-ffat-lto-objects' requires use of '-ipo -c'. Option ignored.
configure:9295: $? = 0
configure:9295: result: yes
configure:9564: checking for objdir
configure:9580: result: .libs
configure:9844: checking if icc supports -fno-rtti -fno-exceptions
configure:9863: icc -c -g -O3 -feliminate-unused-debug-types -pipe -Wall -Wp,-D_FORTIFY_SOURCE=2 -fexceptions -fstack-protector --param=ssp-buffer-size=32 -Wformat -Wformat-security -m64 -fasynchronous-unwind-tables -Wp,-D_REENTRANT -ftree-loop-distribute-patterns -Wl,-z -Wl,now -Wl,-z -Wl,relro -fno-semantic-interposition -ffat-lto-objects -fno-trapping-math -Wl,-sort-common -Wl,--enable-new-dtags -mtune=skylake -Wa,-mbranches-within-32B-boundaries  -fno-rtti -fno-exceptions conftest.c >&5
icc: command line warning #10006: ignoring unknown option '-ftree-loop-distribute-patterns'
icc: command line warning #10006: ignoring unknown option '-fno-semantic-interposition'
icc: command line warning #10385: option '-ffat-lto-objects' requires use of '-ipo -c'. Option ignored.
configure:9867: $? = 0
configure:9880: result: yes
configure:10238: checking for icc option to produce PIC
configure:10246: result: -fPIC -DPIC
configure:10254: checking if icc PIC flag -fPIC -DPIC works
configure:10273: icc -c -g -O3 -feliminate-unused-debug-types -pipe -Wall -Wp,-D_FORTIFY_SOURCE=2 -fexceptions -fstack-protector --param=ssp-buffer-size=32 -Wformat -Wformat-security -m64 -fasynchronous-unwind-tables -Wp,-D_REENTRANT -ftree-loop-distribute-patterns -Wl,-z -Wl,now -Wl,-z -Wl,relro -fno-semantic-interposition -ffat-lto-objects -fno-trapping-math -Wl,-sort-common -Wl,--enable-new-dtags -mtune=skylake -Wa,-mbranches-within-32B-boundaries  -fPIC -DPIC -DPIC conftest.c >&5
icc: command line warning #10006: ignoring unknown option '-ftree-loop-distribute-patterns'
icc: command line warning #10006: ignoring unknown option '-fno-semantic-interposition'
icc: command line warning #10385: option '-ffat-lto-objects' requires use of '-ipo -c'. Option ignored.
configure:10277: $? = 0
configure:10290: result: yes
configure:10319: checking if icc static flag -static works
icc: command line warning #10006: ignoring unknown option '-ftree-loop-distribute-patterns'
icc: command line warning #10006: ignoring unknown option '-fno-semantic-interposition'
icc: command line warning #10385: option '-ffat-lto-objects' requires use of '-ipo -c'. Option ignored.
configure:10348: result: yes
configure:10363: checking if icc supports -c -o file.o
configure:10385: icc -c -g -O3 -feliminate-unused-debug-types -pipe -Wall -Wp,-D_FORTIFY_SOURCE=2 -fexceptions -fstack-protector --param=ssp-buffer-size=32 -Wformat -Wformat-security -m64 -fasynchronous-unwind-tables -Wp,-D_REENTRANT -ftree-loop-distribute-patterns -Wl,-z -Wl,now -Wl,-z -Wl,relro -fno-semantic-interposition -ffat-lto-objects -fno-trapping-math -Wl,-sort-common -Wl,--enable-new-dtags -mtune=skylake -Wa,-mbranches-within-32B-boundaries  -o out/conftest2.o conftest.c >&5
icc: command line warning #10006: ignoring unknown option '-ftree-loop-distribute-patterns'
icc: command line warning #10006: ignoring unknown option '-fno-semantic-interposition'
icc: command line warning #10385: option '-ffat-lto-objects' requires use of '-ipo -c'. Option ignored.
configure:10389: $? = 0
configure:10411: result: yes
configure:10419: checking if icc supports -c -o file.o
configure:10467: result: yes
configure:10500: checking whether the icc linker (/usr/bin/ld -m elf_x86_64) supports shared libraries
configure:11766: result: yes
configure:11803: checking whether -lc should be explicitly linked in
configure:11812: icc -c -g -O3 -feliminate-unused-debug-types -pipe -Wall -Wp,-D_FORTIFY_SOURCE=2 -fexceptions -fstack-protector --param=ssp-buffer-size=32 -Wformat -Wformat-security -m64 -fasynchronous-unwind-tables -Wp,-D_REENTRANT -ftree-loop-distribute-patterns -Wl,-z -Wl,now -Wl,-z -Wl,relro -fno-semantic-interposition -ffat-lto-objects -fno-trapping-math -Wl,-sort-common -Wl,--enable-new-dtags -mtune=skylake -Wa,-mbranches-within-32B-boundaries  conftest.c >&5
icc: command line warning #10006: ignoring unknown option '-ftree-loop-distribute-patterns'
icc: command line warning #10006: ignoring unknown option '-fno-semantic-interposition'
icc: command line warning #10385: option '-ffat-lto-objects' requires use of '-ipo -c'. Option ignored.
configure:11815: $? = 0
configure:11830: icc -shared  -fPIC -DPIC conftest.o  -v -Wl,-soname -Wl,conftest -o conftest 2\>\&1 \| /usr/bin/grep  -lc  \>/dev/null 2\>\&1
configure:11833: $? = 0
configure:11847: result: no
configure:12007: checking dynamic linker characteristics
configure:12589: icc -o conftest -g -O3 -feliminate-unused-debug-types -pipe -Wall -Wp,-D_FORTIFY_SOURCE=2 -fexceptions -fstack-protector --param=ssp-buffer-size=32 -Wformat -Wformat-security -m64 -fasynchronous-unwind-tables -Wp,-D_REENTRANT -ftree-loop-distribute-patterns -Wl,-z -Wl,now -Wl,-z -Wl,relro -fno-semantic-interposition -ffat-lto-objects -fno-trapping-math -Wl,-sort-common -Wl,--enable-new-dtags -mtune=skylake -Wa,-mbranches-within-32B-boundaries   -Wl,-rpath -Wl,/foo conftest.c  >&5
icc: command line warning #10006: ignoring unknown option '-ftree-loop-distribute-patterns'
icc: command line warning #10006: ignoring unknown option '-fno-semantic-interposition'
icc: command line warning #10385: option '-ffat-lto-objects' requires use of '-ipo -c'. Option ignored.
configure:12589: $? = 0
configure:12828: result: GNU/Linux ld.so
configure:12950: checking how to hardcode library paths into programs
configure:12975: result: immediate
configure:13527: checking whether stripping libraries is possible
configure:13532: result: yes
configure:13567: checking if libtool supports shared libraries
configure:13569: result: yes
configure:13572: checking whether to build shared libraries
configure:13597: result: yes
configure:13600: checking whether to build static libraries
configure:13604: result: yes
configure:13726: checking if libtool supports shared libraries
configure:13728: result: yes
configure:13731: checking whether to build shared libraries
configure:13755: result: yes
configure:13758: checking whether to build static libraries
configure:13762: result: yes
configure:13796: ifort -c -g -O3 -feliminate-unused-debug-types -pipe -Wall -Wp,-D_FORTIFY_SOURCE=2 -fexceptions -fstack-protector --param=ssp-buffer-size=32 -m64 -fasynchronous-unwind-tables -Wp,-D_REENTRANT -ftree-loop-distribute-patterns -Wl,-z -Wl,now -Wl,-z -Wl,relro -malign-data=abi -fno-semantic-interposition -ftree-vectorize -ftree-loop-vectorize -Wl,-sort-common -Wl,--enable-new-dtags   conftest.F90 >&5
ifort: command line warning #10006: ignoring unknown option '-pipe'
ifort: command line warning #10157: ignoring option '-W'; argument is of wrong type
ifort: command line warning #10006: ignoring unknown option '-fparam=ssp-buffer-size=32'
ifort: command line warning #10006: ignoring unknown option '-ftree-loop-distribute-patterns'
ifort: command line warning #10006: ignoring unknown option '-malign-data=abi'
ifort: command line warning #10006: ignoring unknown option '-fno-semantic-interposition'
ifort: command line warning #10006: ignoring unknown option '-ftree-loop-vectorize'
ifort: warning #10193: -vec is default; use -x and -ax to configure vectorization
configure:13799: $? = 0
configure:14277: checking for ifort option to produce PIC
configure:14285: result: -fPIC
configure:14293: checking if ifort PIC flag -fPIC works
configure:14312: ifort -c -g -O3 -feliminate-unused-debug-types -pipe -Wall -Wp,-D_FORTIFY_SOURCE=2 -fexceptions -fstack-protector --param=ssp-buffer-size=32 -m64 -fasynchronous-unwind-tables -Wp,-D_REENTRANT -ftree-loop-distribute-patterns -Wl,-z -Wl,now -Wl,-z -Wl,relro -malign-data=abi -fno-semantic-interposition -ftree-vectorize -ftree-loop-vectorize -Wl,-sort-common -Wl,--enable-new-dtags  -fPIC  conftest.F90 >&5
ifort: command line warning #10006: ignoring unknown option '-pipe'
ifort: command line warning #10157: ignoring option '-W'; argument is of wrong type
ifort: command line warning #10006: ignoring unknown option '-fparam=ssp-buffer-size=32'
ifort: command line warning #10006: ignoring unknown option '-ftree-loop-distribute-patterns'
ifort: command line warning #10006: ignoring unknown option '-malign-data=abi'
ifort: command line warning #10006: ignoring unknown option '-fno-semantic-interposition'
ifort: command line warning #10006: ignoring unknown option '-ftree-loop-vectorize'
ifort: warning #10193: -vec is default; use -x and -ax to configure vectorization
configure:14316: $? = 0
configure:14329: result: yes
configure:14352: checking if ifort static flag -static works
ifort: command line warning #10006: ignoring unknown option '-pipe'
ifort: command line warning #10157: ignoring option '-W'; argument is of wrong type
ifort: command line warning #10006: ignoring unknown option '-fparam=ssp-buffer-size=32'
ifort: command line warning #10006: ignoring unknown option '-ftree-loop-distribute-patterns'
ifort: command line warning #10006: ignoring unknown option '-malign-data=abi'
ifort: command line warning #10006: ignoring unknown option '-fno-semantic-interposition'
ifort: command line warning #10006: ignoring unknown option '-ftree-loop-vectorize'
ifort: warning #10193: -vec is default; use -x and -ax to configure vectorization
configure:14381: result: yes
configure:14393: checking if ifort supports -c -o file.o
configure:14415: ifort -c -g -O3 -feliminate-unused-debug-types -pipe -Wall -Wp,-D_FORTIFY_SOURCE=2 -fexceptions -fstack-protector --param=ssp-buffer-size=32 -m64 -fasynchronous-unwind-tables -Wp,-D_REENTRANT -ftree-loop-distribute-patterns -Wl,-z -Wl,now -Wl,-z -Wl,relro -malign-data=abi -fno-semantic-interposition -ftree-vectorize -ftree-loop-vectorize -Wl,-sort-common -Wl,--enable-new-dtags  -o out/conftest2.o  conftest.F90 >&5
ifort: command line warning #10006: ignoring unknown option '-pipe'
ifort: command line warning #10157: ignoring option '-W'; argument is of wrong type
ifort: command line warning #10006: ignoring unknown option '-fparam=ssp-buffer-size=32'
ifort: command line warning #10006: ignoring unknown option '-ftree-loop-distribute-patterns'
ifort: command line warning #10006: ignoring unknown option '-malign-data=abi'
ifort: command line warning #10006: ignoring unknown option '-fno-semantic-interposition'
ifort: command line warning #10006: ignoring unknown option '-ftree-loop-vectorize'
ifort: warning #10193: -vec is default; use -x and -ax to configure vectorization
configure:14419: $? = 0
configure:14441: result: yes
configure:14446: checking if ifort supports -c -o file.o
configure:14494: result: yes
configure:14524: checking whether the ifort linker (/usr/bin/ld -m elf_x86_64) supports shared libraries
configure:15739: result: yes
configure:15881: checking dynamic linker characteristics
configure:16623: result: GNU/Linux ld.so
configure:16688: checking how to hardcode library paths into programs
configure:16713: result: immediate
configure:16877: checking that generated files are newer than configure
configure:16883: result: done
configure:16910: creating ./config.status

## ---------------------- ##
## Running config.status. ##
## ---------------------- ##

This file was extended by LibFDF config.status 0.2.2, which was
generated by GNU Autoconf 2.71.  Invocation command line was

  CONFIG_FILES    = 
  CONFIG_HEADERS  = 
  CONFIG_LINKS    = 
  CONFIG_COMMANDS = 
  $ ./config.status 

on wonderland

config.status:1161: creating config/data/libfdf-config.yml
config.status:1161: creating config.h
config.status:1390: executing depfiles commands
config.status:1390: executing libtool commands
configure:19437: checking that generated files are newer than configure
configure:19443: result: done
configure:19474: creating ./config.status

## ---------------------- ##
## Running config.status. ##
## ---------------------- ##

This file was extended by LibFDF config.status 0.2.2, which was
generated by GNU Autoconf 2.71.  Invocation command line was

  CONFIG_FILES    = 
  CONFIG_HEADERS  = 
  CONFIG_LINKS    = 
  CONFIG_COMMANDS = 
  $ ./config.status 

on wonderland

config.status:1167: creating config/data/libfdf-config.yml
config.status:1167: creating Makefile
config.status:1167: creating config/data/libfdf.pc
config.status:1167: creating doc/Makefile
config.status:1167: creating src/Makefile
config.status:1167: creating tests/Makefile
config.status:1167: creating config.h
config.status:1348: config.h is unchanged
config.status:1396: executing depfiles commands
config.status:1396: executing libtool commands
configure:21890:
    Final build parameters
    ----------------------

    TSTAMP       = 20210326T015251+0100

    DEBUG        = no (init: def)

    CPP          = icc -E
    CPPFLAGS     = 
    CC           = icc
    CFLAGS       = -g -O3 -feliminate-unused-debug-types -pipe -Wall -Wp,-D_FORTIFY_SOURCE=2 -fexceptions -fstack-protector --param=ssp-buffer-size=32 -Wformat -Wformat-security -m64 -fasynchronous-unwind-tables -Wp,-D_REENTRANT -ftree-loop-distribute-patterns -Wl,-z -Wl,now -Wl,-z -Wl,relro -fno-semantic-interposition -ffat-lto-objects -fno-trapping-math -Wl,-sort-common -Wl,--enable-new-dtags -mtune=skylake -Wa,-mbranches-within-32B-boundaries
    FC           = ifort
    FCFLAGS      = -g -O3 -feliminate-unused-debug-types -pipe -Wall -Wp,-D_FORTIFY_SOURCE=2 -fexceptions -fstack-protector --param=ssp-buffer-size=32 -m64 -fasynchronous-unwind-tables -Wp,-D_REENTRANT -ftree-loop-distribute-patterns -Wl,-z -Wl,now -Wl,-z -Wl,relro -malign-data=abi -fno-semantic-interposition -ftree-vectorize -ftree-loop-vectorize -Wl,-sort-common -Wl,--enable-new-dtags 
    LDFLAGS      = 
    LIBS         = 


## ---------------- ##
## Cache variables. ##
## ---------------- ##

ac_cv_build=x86_64-pc-linux-gnu
ac_cv_c_compiler_gnu=yes
ac_cv_env_CC_set=set
ac_cv_env_CC_value=icc
ac_cv_env_CFLAGS_set=set
ac_cv_env_CFLAGS_value='-g -O3 -feliminate-unused-debug-types -pipe -Wall -Wp,-D_FORTIFY_SOURCE=2 -fexceptions -fstack-protector --param=ssp-buffer-size=32 -Wformat -Wformat-security -m64 -fasynchronous-unwind-tables -Wp,-D_REENTRANT -ftree-loop-distribute-patterns -Wl,-z -Wl,now -Wl,-z -Wl,relro -fno-semantic-interposition -ffat-lto-objects -fno-trapping-math -Wl,-sort-common -Wl,--enable-new-dtags -mtune=skylake -Wa,-mbranches-within-32B-boundaries'
ac_cv_env_CPPFLAGS_set=
ac_cv_env_CPPFLAGS_value=
ac_cv_env_CPP_set=
ac_cv_env_CPP_value=
ac_cv_env_FCFLAGS_set=set
ac_cv_env_FCFLAGS_value='-g -O3 -feliminate-unused-debug-types -pipe -Wall -Wp,-D_FORTIFY_SOURCE=2 -fexceptions -fstack-protector --param=ssp-buffer-size=32 -m64 -fasynchronous-unwind-tables -Wp,-D_REENTRANT -ftree-loop-distribute-patterns -Wl,-z -Wl,now -Wl,-z -Wl,relro -malign-data=abi -fno-semantic-interposition -ftree-vectorize -ftree-loop-vectorize -Wl,-sort-common -Wl,--enable-new-dtags '
ac_cv_env_FC_set=set
ac_cv_env_FC_value=ifort
ac_cv_env_LDFLAGS_set=
ac_cv_env_LDFLAGS_value=
ac_cv_env_LIBS_set=
ac_cv_env_LIBS_value=
ac_cv_env_LT_SYS_LIBRARY_PATH_set=
ac_cv_env_LT_SYS_LIBRARY_PATH_value=
ac_cv_env_build_alias_set=
ac_cv_env_build_alias_value=
ac_cv_env_host_alias_set=
ac_cv_env_host_alias_value=
ac_cv_env_target_alias_set=
ac_cv_env_target_alias_value=
ac_cv_fc_compiler_gnu=no
ac_cv_fc_srcext_F90=none
ac_cv_header_dlfcn_h=yes
ac_cv_header_inttypes_h=yes
ac_cv_header_stdint_h=yes
ac_cv_header_stdio_h=yes
ac_cv_header_stdlib_h=yes
ac_cv_header_string_h=yes
ac_cv_header_strings_h=yes
ac_cv_header_sys_stat_h=yes
ac_cv_header_sys_types_h=yes
ac_cv_header_unistd_h=yes
ac_cv_host=x86_64-pc-linux-gnu
ac_cv_objext=o
ac_cv_path_EGREP='/usr/bin/grep -E'
ac_cv_path_FGREP='/usr/bin/grep -F'
ac_cv_path_GREP=/usr/bin/grep
ac_cv_path_SED=/usr/bin/sed
ac_cv_path_fdf_cc_path=/home/ravindra/intel/oneapi/compiler/2021.1.1/linux/bin/intel64/icc
ac_cv_path_fdf_fc_path=/home/ravindra/intel/oneapi/compiler/2021.1.1/linux/bin/intel64/ifort
ac_cv_path_install='/usr/bin/install -c'
ac_cv_path_lt_DD=/usr/bin/dd
ac_cv_path_mkdir=/usr/bin/mkdir
ac_cv_prog_AWK=gawk
ac_cv_prog_CPP='icc -E'
ac_cv_prog_ac_ct_CC=icc
ac_cv_prog_ac_ct_OBJDUMP=objdump
ac_cv_prog_ac_ct_RANLIB=gcc-ranlib
ac_cv_prog_ac_ct_STRIP=strip
ac_cv_prog_cc_c11=
ac_cv_prog_cc_g=yes
ac_cv_prog_cc_stdc=
ac_cv_prog_fc_g=yes
ac_cv_prog_make_make_set=yes
ac_cv_target=x86_64-pc-linux-gnu
am_cv_CC_dependencies_compiler_type=none
am_cv_make_support_nested_variables=yes
am_cv_prog_cc_c_o=yes
ax_cv_f90_mod_case=unknown
ax_cv_f90_mod_lowercase=unknown
ax_cv_f90_mod_uppercase=unknown
ax_cv_f90_modext=mod
lt_cv_ar_at_file=@
lt_cv_archive_cmds_need_lc=no
lt_cv_deplibs_check_method=pass_all
lt_cv_file_magic_cmd='$MAGIC_CMD'
lt_cv_file_magic_test_file=
lt_cv_ld_reload_flag=-r
lt_cv_nm_interface='BSD nm'
lt_cv_objdir=.libs
lt_cv_path_LD=/usr/bin/ld
lt_cv_path_NM=gcc-nm
lt_cv_path_mainfest_tool=no
lt_cv_prog_compiler_c_o=yes
lt_cv_prog_compiler_c_o_FC=yes
lt_cv_prog_compiler_pic='-fPIC -DPIC'
lt_cv_prog_compiler_pic_FC=-fPIC
lt_cv_prog_compiler_pic_works=yes
lt_cv_prog_compiler_pic_works_FC=yes
lt_cv_prog_compiler_rtti_exceptions=yes
lt_cv_prog_compiler_static_works=yes
lt_cv_prog_compiler_static_works_FC=yes
lt_cv_prog_gnu_ld=yes
lt_cv_sharedlib_from_linklib_cmd='printf %s\n'
lt_cv_shlibpath_overrides_runpath=yes
lt_cv_sys_global_symbol_pipe='sed -n -e '\''s/^.*[	 ]\([ABCDGIRSTW][ABCDGIRSTW]*\)[	 ][	 ]*\([_A-Za-z][_A-Za-z0-9]*\)$/\1 \2 \2/p'\'' | sed '\''/ __gnu_lto/d'\'''
lt_cv_sys_global_symbol_to_c_name_address='sed -n -e '\''s/^: \(.*\) .*$/  {"\1", (void *) 0},/p'\'' -e '\''s/^[ABCDGIRSTW][ABCDGIRSTW]* .* \(.*\)$/  {"\1", (void *) \&\1},/p'\'''
lt_cv_sys_global_symbol_to_c_name_address_lib_prefix='sed -n -e '\''s/^: \(.*\) .*$/  {"\1", (void *) 0},/p'\'' -e '\''s/^[ABCDGIRSTW][ABCDGIRSTW]* .* \(lib.*\)$/  {"\1", (void *) \&\1},/p'\'' -e '\''s/^[ABCDGIRSTW][ABCDGIRSTW]* .* \(.*\)$/  {"lib\1", (void *) \&\1},/p'\'''
lt_cv_sys_global_symbol_to_cdecl='sed -n -e '\''s/^T .* \(.*\)$/extern int \1();/p'\'' -e '\''s/^[ABCDGIRSTW][ABCDGIRSTW]* .* \(.*\)$/extern char \1;/p'\'''
lt_cv_sys_global_symbol_to_import=
lt_cv_sys_max_cmd_len=1572864
lt_cv_to_host_file_cmd=func_convert_file_noop
lt_cv_to_tool_file_cmd=func_convert_file_noop
lt_cv_truncate_bin='/usr/bin/dd bs=4096 count=1'

## ----------------- ##
## Output variables. ##
## ----------------- ##

ACLOCAL='${SHELL} '\''/home/ravindra/devel/io08/modified-libfdf/config/gnu/missing'\'' aclocal-1.16'
AMDEPBACKSLASH='\'
AMDEP_FALSE='#'
AMDEP_TRUE=''
AMTAR='$${TAR-tar}'
AM_BACKSLASH='\'
AM_DEFAULT_V='$(AM_DEFAULT_VERBOSITY)'
AM_DEFAULT_VERBOSITY='1'
AM_V='$(V)'
AR='gcc-ar'
AUTOCONF='${SHELL} '\''/home/ravindra/devel/io08/modified-libfdf/config/gnu/missing'\'' autoconf'
AUTOHEADER='${SHELL} '\''/home/ravindra/devel/io08/modified-libfdf/config/gnu/missing'\'' autoheader'
AUTOMAKE='${SHELL} '\''/home/ravindra/devel/io08/modified-libfdf/config/gnu/missing'\'' automake-1.16'
AWK='gawk'
CC='icc'
CCDEPMODE='depmode=none'
CFLAGS='-g -O3 -feliminate-unused-debug-types -pipe -Wall -Wp,-D_FORTIFY_SOURCE=2 -fexceptions -fstack-protector --param=ssp-buffer-size=32 -Wformat -Wformat-security -m64 -fasynchronous-unwind-tables -Wp,-D_REENTRANT -ftree-loop-distribute-patterns -Wl,-z -Wl,now -Wl,-z -Wl,relro -fno-semantic-interposition -ffat-lto-objects -fno-trapping-math -Wl,-sort-common -Wl,--enable-new-dtags -mtune=skylake -Wa,-mbranches-within-32B-boundaries'
CPP='icc -E'
CPPFLAGS=''
CYGPATH_W='echo'
DEFS='-DHAVE_CONFIG_H'
DEPDIR='.deps'
DLLTOOL='false'
DSYMUTIL=''
DUMPBIN=''
ECHO_C=''
ECHO_N='-n'
ECHO_T=''
EGREP='/usr/bin/grep -E'
EXEEXT=''
F90_MOD_UPPERCASE_FALSE=''
F90_MOD_UPPERCASE_TRUE='#'
FC='ifort'
FCFLAGS='-g -O3 -feliminate-unused-debug-types -pipe -Wall -Wp,-D_FORTIFY_SOURCE=2 -fexceptions -fstack-protector --param=ssp-buffer-size=32 -m64 -fasynchronous-unwind-tables -Wp,-D_REENTRANT -ftree-loop-distribute-patterns -Wl,-z -Wl,now -Wl,-z -Wl,relro -malign-data=abi -fno-semantic-interposition -ftree-vectorize -ftree-loop-vectorize -Wl,-sort-common -Wl,--enable-new-dtags '
FCFLAGS_F90=''
FGREP='/usr/bin/grep -F'
GREP='/usr/bin/grep'
INSTALL_DATA='${INSTALL} -m 644'
INSTALL_PROGRAM='${INSTALL}'
INSTALL_SCRIPT='${INSTALL}'
INSTALL_STRIP_PROGRAM='$(install_sh) -c -s'
LD='/usr/bin/ld -m elf_x86_64'
LDFLAGS=''
LIBOBJS=''
LIBS=''
LIBTOOL='$(SHELL) $(top_builddir)/libtool'
LIPO=''
LN_S='ln -s'
LTLIBOBJS=''
LTOBJEXT='lo'
LT_SYS_LIBRARY_PATH=''
MAKEINFO='${SHELL} '\''/home/ravindra/devel/io08/modified-libfdf/config/gnu/missing'\'' makeinfo'
MANIFEST_TOOL=':'
MKDIR_P='/usr/bin/mkdir -p'
NM='gcc-nm'
NMEDIT=''
OBJDUMP='objdump'
OBJEXT='o'
OTOOL64=''
OTOOL=''
PACKAGE='libfdf'
PACKAGE_BUGREPORT='https://bugs.launchpad.net/libfdf'
PACKAGE_NAME='LibFDF'
PACKAGE_STRING='LibFDF 0.2.2'
PACKAGE_TARNAME='libfdf'
PACKAGE_URL='https://launchpad.net/libfdf'
PACKAGE_VERSION='0.2.2'
PATH_SEPARATOR=':'
RANLIB='gcc-ranlib'
SED='/usr/bin/sed'
SET_MAKE=''
SHELL='/bin/sh'
STRIP='strip'
VERSION='0.2.2'
ac_ct_AR=''
ac_ct_CC='icc'
ac_ct_DUMPBIN=''
ac_ct_FC=''
am__EXEEXT_FALSE=''
am__EXEEXT_TRUE='#'
am__fastdepCC_FALSE=''
am__fastdepCC_TRUE='#'
am__include='include'
am__isrc=''
am__leading_dot='.'
am__nodep='_no'
am__quote=''
am__tar='$${TAR-tar} chof - "$$tardir"'
am__untar='$${TAR-tar} xf -'
ax_cv_f90_modext='mod'
bindir='${exec_prefix}/bin'
build='x86_64-pc-linux-gnu'
build_alias=''
build_cpu='x86_64'
build_os='linux-gnu'
build_vendor='pc'
datadir='${datarootdir}'
datarootdir='${prefix}/share'
docdir='${datarootdir}/doc/${PACKAGE_TARNAME}'
dvidir='${docdir}'
enable_debug=''
exec_prefix='${prefix}'
fdf_cc_path='/home/ravindra/intel/oneapi/compiler/2021.1.1/linux/bin/intel64/icc'
fdf_core_incs=''
fdf_debug_enable='no'
fdf_debug_enable_def='no'
fdf_debug_type='def'
fdf_fc_path='/home/ravindra/intel/oneapi/compiler/2021.1.1/linux/bin/intel64/ifort'
fdf_timestamp='20210326T015251+0100'
host='x86_64-pc-linux-gnu'
host_alias=''
host_cpu='x86_64'
host_os='linux-gnu'
host_vendor='pc'
htmldir='${docdir}'
includedir='${prefix}/include'
infodir='${datarootdir}/info'
install_sh='${SHELL} /home/ravindra/devel/io08/modified-libfdf/config/gnu/install-sh'
libdir='${exec_prefix}/lib'
libexecdir='${exec_prefix}/libexec'
localedir='${datarootdir}/locale'
localstatedir='${prefix}/var'
mandir='${datarootdir}/man'
mkdir_p='$(MKDIR_P)'
oldincludedir='/usr/include'
pdfdir='${docdir}'
prefix='/usr/local'
program_transform_name='s,x,x,'
psdir='${docdir}'
runstatedir='${localstatedir}/run'
sbindir='${exec_prefix}/sbin'
sharedstatedir='${prefix}/com'
sysconfdir='${prefix}/etc'
target='x86_64-pc-linux-gnu'
target_alias=''
target_cpu='x86_64'
target_os='linux-gnu'
target_vendor='pc'

## ----------- ##
## confdefs.h. ##
## ----------- ##

/* confdefs.h */
#define PACKAGE_NAME "LibFDF"
#define PACKAGE_TARNAME "libfdf"
#define PACKAGE_VERSION "0.2.2"
#define PACKAGE_STRING "LibFDF 0.2.2"
#define PACKAGE_BUGREPORT "https://bugs.launchpad.net/libfdf"
#define PACKAGE_URL "https://launchpad.net/libfdf"
#define PACKAGE "libfdf"
#define VERSION "0.2.2"
#define HAVE_STDIO_H 1
#define HAVE_STDLIB_H 1
#define HAVE_STRING_H 1
#define HAVE_INTTYPES_H 1
#define HAVE_STDINT_H 1
#define HAVE_STRINGS_H 1
#define HAVE_SYS_STAT_H 1
#define HAVE_SYS_TYPES_H 1
#define HAVE_UNISTD_H 1
#define STDC_HEADERS 1
#define HAVE_DLFCN_H 1
#define LT_OBJDIR ".libs/"

configure: exit 0
